C:\Program Files (x86)\Microsoft Visual Studio\2017\Enterprise\Common7\IDE\VC\VCTargets\Microsoft.CppBuild.targets(376,5): warning MSB8004: Intermediate 目錄結尾不是結尾斜線。這個建置執行個體將會加入此斜線，因為這樣才能正確評估 Intermediate 目錄。
C:\Program Files (x86)\Microsoft Visual Studio\2017\Enterprise\Common7\IDE\VC\VCTargets\Microsoft.CppBuild.targets(377,5): warning MSB8004: Output 目錄結尾不是結尾斜線。這個建置執行個體將會加入此斜線，因為這樣才能正確評估 Output 目錄。
  function_1.c
c:\c_code\ch2_lab2 - 1\source\function_1.c(8): warning C4101: 'temp2': 未參考的區域變數
c:\c_code\ch2_lab2 - 1\source\function_1.c(8): warning C4101: 'temp': 未參考的區域變數
  function_2.c
c:\c_code\ch2_lab2 - 1\source\function_2.c(8): warning C4101: 'temp2': 未參考的區域變數
c:\c_code\ch2_lab2 - 1\source\function_2.c(8): warning C4101: 'temp': 未參考的區域變數
  function_3.c
  function_4.c
  function_5.c
c:\c_code\ch2_lab2 - 1\source\function_5.c(8): warning C4101: 'temp2': 未參考的區域變數
  Main.c
  正在產生程式碼...
c:\c_code\ch2_lab2 - 1\source\function_5.c(37): warning C4716: 'Han_Xin_5': 必須傳回值
c:\c_code\ch2_lab2 - 1\source\function_4.c(40): warning C4716: 'Han_Xin_4': 必須傳回值
c:\c_code\ch2_lab2 - 1\source\function_3.c(40): warning C4716: 'Han_Xin_3': 必須傳回值
c:\c_code\ch2_lab2 - 1\source\function_2.c(29): warning C4716: 'Han_Xin_2': 必須傳回值
c:\c_code\ch2_lab2 - 1\source\function_1.c(28): warning C4716: 'Han_Xin_1': 必須傳回值
  Lab1-1.vcxproj -> C:\c_code\CH2_Lab2 - 1\Lab1-1\Lab1-1\..\..\temp\debug\Lab1-1.exe
